<?xml version="1.0" encoding="UTF-8"?>
<!-- Generated by org.testng.reporters.JUnitReportReporter -->
<testsuite hostname="DESKTOP-NN9F1OB" failures="0" tests="3" name="com.crm.qa.testcases.WithdrawalTest" time="48.577" errors="0" timestamp="08 Mar 2024 14:33:08 GMT" skipped="0">
  <testcase classname="com.crm.qa.testcases.WithdrawalTest" name="Verify_Withdraw_With_ValideAmmount" time="16.423"/>
  <testcase classname="com.crm.qa.testcases.WithdrawalTest" name="Verify_Withdraw_With_InValideAmmount" time="15.609"/>
  <testcase classname="com.crm.qa.testcases.WithdrawalTest" name="Verify_Withdraw_With_InSufficient" time="16.545"/>
</testsuite> <!-- com.crm.qa.testcases.WithdrawalTest -->
