<?xml version="1.0" encoding="UTF-8"?>
<!-- Generated by org.testng.reporters.JUnitReportReporter -->
<testsuite hostname="DESKTOP-NN9F1OB" failures="0" tests="1" name="com.crm.qa.testcases.OpenAccountPageTest" time="15.553" errors="0" timestamp="08 Mar 2024 07:21:16 GMT" skipped="0">
  <testcase classname="com.crm.qa.testcases.OpenAccountPageTest" name="OpenAccount" time="15.553"/>
</testsuite> <!-- com.crm.qa.testcases.OpenAccountPageTest -->
