<?xml version="1.0" encoding="UTF-8"?>
<!-- Generated by org.testng.reporters.JUnitReportReporter -->
<testsuite hostname="DESKTOP-NN9F1OB" failures="0" tests="2" name="com.crm.qa.testcases.AddCustomerPageTest" time="12.947" errors="0" timestamp="08 Mar 2024 14:33:08 GMT" skipped="0">
  <testcase classname="com.crm.qa.testcases.AddCustomerPageTest" name="AddCustomerNotExist" time="6.096"/>
  <testcase classname="com.crm.qa.testcases.AddCustomerPageTest" name="AddCustomerExist" time="6.851"/>
</testsuite> <!-- com.crm.qa.testcases.AddCustomerPageTest -->
