<?xml version="1.0" encoding="UTF-8"?>
<!-- Generated by org.testng.reporters.JUnitReportReporter -->
<testsuite hostname="DESKTOP-NN9F1OB" failures="0" tests="1" name="com.crm.qa.testcases.CustomerLoginTest" time="4.896" errors="0" timestamp="08 Mar 2024 14:33:08 GMT" skipped="0">
  <testcase classname="com.crm.qa.testcases.CustomerLoginTest" name="customerlogin" time="4.896"/>
</testsuite> <!-- com.crm.qa.testcases.CustomerLoginTest -->
