<?xml version="1.0" encoding="UTF-8"?>
<!-- Generated by org.testng.reporters.JUnitReportReporter -->
<testsuite hostname="DESKTOP-NN9F1OB" failures="0" tests="2" name="com.crm.qa.testcases.AddCustomerPageTest" time="13.572" errors="0" timestamp="08 Mar 2024 07:21:16 GMT" skipped="0">
  <testcase classname="com.crm.qa.testcases.AddCustomerPageTest" name="AddCustomerNotExist" time="6.442"/>
  <testcase classname="com.crm.qa.testcases.AddCustomerPageTest" name="AddCustomerExist" time="7.130"/>
</testsuite> <!-- com.crm.qa.testcases.AddCustomerPageTest -->
