<?xml version="1.0" encoding="UTF-8"?>
<!-- Generated by org.testng.reporters.JUnitReportReporter -->
<testsuite hostname="DESKTOP-NN9F1OB" failures="0" tests="1" name="com.crm.qa.testcases.BankManagerNavigationPageTest" time="7.686" errors="0" timestamp="08 Mar 2024 07:21:16 GMT" skipped="0">
  <testcase classname="com.crm.qa.testcases.BankManagerNavigationPageTest" name="testBankManagerLogin" time="7.686"/>
</testsuite> <!-- com.crm.qa.testcases.BankManagerNavigationPageTest -->
