<?xml version="1.0" encoding="UTF-8"?>
<!-- Generated by org.testng.reporters.JUnitReportReporter -->
<testsuite hostname="DESKTOP-NN9F1OB" failures="0" tests="3" name="com.crm.qa.testcases.WithdrawalTest" time="49.112" errors="0" timestamp="08 Mar 2024 14:15:45 GMT" skipped="0">
  <testcase classname="com.crm.qa.testcases.WithdrawalTest" name="Verify_Withdraw_With_ValideAmmount" time="17.136"/>
  <testcase classname="com.crm.qa.testcases.WithdrawalTest" name="Verify_Withdraw_With_InValideAmmount" time="15.281"/>
  <testcase classname="com.crm.qa.testcases.WithdrawalTest" name="Verify_Withdraw_With_InSufficient" time="16.695"/>
</testsuite> <!-- com.crm.qa.testcases.WithdrawalTest -->
