<?xml version="1.0" encoding="UTF-8"?>
<!-- Generated by org.testng.reporters.JUnitReportReporter -->
<testsuite hostname="DESKTOP-NN9F1OB" failures="0" tests="2" name="com.crm.qa.testcases.DepositTest" time="14.071" errors="0" timestamp="08 Mar 2024 14:15:45 GMT" skipped="0">
  <testcase classname="com.crm.qa.testcases.DepositTest" name="VerifyDepositWithValidAmount" time="7.252"/>
  <testcase classname="com.crm.qa.testcases.DepositTest" name="VerifyDepositWithInvalidAmount" time="6.819"/>
</testsuite> <!-- com.crm.qa.testcases.DepositTest -->
