<?xml version="1.0" encoding="UTF-8"?>
<!-- Generated by org.testng.reporters.JUnitReportReporter -->
<testsuite hostname="DESKTOP-NN9F1OB" failures="0" tests="1" name="com.crm.qa.testcases.CustomerTransactionPageTest" time="6.047" errors="0" timestamp="08 Mar 2024 14:15:45 GMT" skipped="0">
  <testcase classname="com.crm.qa.testcases.CustomerTransactionPageTest" name="Verify_Deposit_With_ValideAmmount" time="6.047"/>
</testsuite> <!-- com.crm.qa.testcases.CustomerTransactionPageTest -->
