<?xml version="1.0" encoding="UTF-8"?>
<!-- Generated by org.testng.reporters.JUnitReportReporter -->
<testsuite hostname="DESKTOP-NN9F1OB" failures="0" tests="2" name="com.crm.qa.testcases.AddCustomerPageTest" time="11.811" errors="0" timestamp="08 Mar 2024 14:15:45 GMT" skipped="0">
  <testcase classname="com.crm.qa.testcases.AddCustomerPageTest" name="AddCustomerNotExist" time="5.117"/>
  <testcase classname="com.crm.qa.testcases.AddCustomerPageTest" name="AddCustomerExist" time="6.694"/>
</testsuite> <!-- com.crm.qa.testcases.AddCustomerPageTest -->
